<?xml version="1.0" encoding="UTF-8"?>
<testng-results ignored="1" total="3" passed="2" failed="0" skipped="0">
  <reporter-output>
  </reporter-output>
  <suite started-at="2021-07-21T20:16:37 IST" name="Suite" finished-at="2021-07-21T20:19:53 IST" duration-ms="196216">
    <groups>
    </groups>
    <test started-at="2021-07-21T20:16:37 IST" name="Test" finished-at="2021-07-21T20:19:53 IST" duration-ms="196216">
      <class name="Tests.FormTest">
        <test-method signature="getCourse()[pri:0, instance:Tests.FormTest@49dc7102]" started-at="2021-07-21T20:16:37 IST" name="getCourse" finished-at="2021-07-21T20:18:34 IST" duration-ms="117188" status="PASS">
          <reporter-output>
          </reporter-output>
        </test-method> <!-- getCourse -->
        <test-method is-config="true" signature="endReport()[pri:0, instance:Tests.FormTest@49dc7102]" started-at="2021-07-21T20:19:52 IST" name="endReport" finished-at="2021-07-21T20:19:53 IST" duration-ms="1294" status="PASS">
          <reporter-output>
          </reporter-output>
        </test-method> <!-- endReport -->
      </class> <!-- Tests.FormTest -->
      <class name="Tests.CoursesInfoTest">
        <test-method signature="getCourse()[pri:0, instance:Tests.CoursesInfoTest@346d61be]" started-at="2021-07-21T20:18:35 IST" name="getCourse" finished-at="2021-07-21T20:19:52 IST" duration-ms="77506" status="PASS">
          <reporter-output>
          </reporter-output>
        </test-method> <!-- getCourse -->
      </class> <!-- Tests.CoursesInfoTest -->
    </test> <!-- Test -->
  </suite> <!-- Suite -->
</testng-results>
