<?xml version="1.0" encoding="UTF-8"?>
<!-- Generated by org.testng.reporters.JUnitXMLReporter -->
<testsuite ignored="1" hostname="DESKTOP-EUJ0HP8" failures="0" tests="2" name="Test" time="196.216" errors="0" timestamp="2021-07-21T20:19:54 IST">
  <testcase classname="Tests.FormTest" name="getCourse" time="117.188"/>
  <testcase classname="Tests.CoursesInfoTest" name="getCourse" time="77.506"/>
  <testcase classname="base.BaseUI" name="@AfterTest endReport" time="0.0">
    <ignored/>
  </testcase> <!-- @AfterTest endReport -->
</testsuite> <!-- Test -->
