<?xml version="1.0" encoding="UTF-8"?>
<testng-results ignored="1" total="3" passed="2" failed="0" skipped="0">
  <reporter-output>
  </reporter-output>
  <suite started-at="2021-07-21T22:37:47 IST" name="Surefire suite" finished-at="2021-07-21T22:42:03 IST" duration-ms="255966">
    <groups>
    </groups>
    <test started-at="2021-07-21T22:37:47 IST" name="Surefire test" finished-at="2021-07-21T22:42:03 IST" duration-ms="255966">
      <class name="Tests.FormTest">
        <test-method signature="getCourse()[pri:0, instance:Tests.FormTest@8f4ea7c]" started-at="2021-07-21T22:40:53 IST" name="getCourse" finished-at="2021-07-21T22:42:01 IST" duration-ms="67923" status="PASS">
          <reporter-output>
          </reporter-output>
        </test-method> <!-- getCourse -->
      </class> <!-- Tests.FormTest -->
      <class name="Tests.CoursesInfoTest">
        <test-method signature="getCourse()[pri:0, instance:Tests.CoursesInfoTest@7e07db1f]" started-at="2021-07-21T22:37:47 IST" name="getCourse" finished-at="2021-07-21T22:40:53 IST" duration-ms="186184" status="PASS">
          <reporter-output>
          </reporter-output>
        </test-method> <!-- getCourse -->
        <test-method is-config="true" signature="endReport()[pri:0, instance:Tests.CoursesInfoTest@7e07db1f]" started-at="2021-07-21T22:42:01 IST" name="endReport" finished-at="2021-07-21T22:42:03 IST" duration-ms="1704" status="PASS">
          <reporter-output>
          </reporter-output>
        </test-method> <!-- endReport -->
      </class> <!-- Tests.CoursesInfoTest -->
    </test> <!-- Surefire test -->
  </suite> <!-- Surefire suite -->
</testng-results>
