<?xml version="1.0" encoding="UTF-8"?>
<!-- Generated by org.testng.reporters.JUnitXMLReporter -->
<testsuite ignored="1" hostname="DESKTOP-EUJ0HP8" failures="0" tests="2" name="Surefire test" time="255.966" errors="0" timestamp="2021-07-21T22:42:03 IST">
  <testcase classname="Tests.CoursesInfoTest" name="getCourse" time="186.184"/>
  <testcase classname="Tests.FormTest" name="getCourse" time="67.923"/>
  <testcase classname="base.BaseUI" name="@AfterTest endReport" time="0.0">
    <ignored/>
  </testcase> <!-- @AfterTest endReport -->
</testsuite> <!-- Surefire test -->
